<?xml version="1.0" encoding="UTF-8"?>
<coverage generated="1748136072089" clover="3.2.0">
  <project timestamp="1748136072089" name="All files">
    <metrics statements="11" coveredstatements="11" conditionals="4" coveredconditionals="3" methods="2" coveredmethods="2" elements="17" coveredelements="16" complexity="0" loc="11" ncloc="11" packages="1" files="1" classes="1"/>
    <file name="makeInfinityAdder.js" path="D:\Project\JS\js_task-inifinite-sum-closures\src\makeInfinityAdder.js">
      <metrics statements="11" coveredstatements="11" conditionals="4" coveredconditionals="3" methods="2" coveredmethods="2"/>
      <line num="7" count="7" type="stmt"/>
      <line num="9" count="7" type="stmt"/>
      <line num="10" count="28" type="cond" truecount="2" falsecount="0"/>
      <line num="11" count="7" type="stmt"/>
      <line num="13" count="7" type="stmt"/>
      <line num="15" count="7" type="stmt"/>
      <line num="18" count="21" type="cond" truecount="1" falsecount="1"/>
      <line num="19" count="21" type="stmt"/>
      <line num="21" count="21" type="stmt"/>
      <line num="25" count="7" type="stmt"/>
      <line num="28" count="1" type="stmt"/>
    </file>
  </project>
</coverage>
